<?xml version="1.0" encoding="utf-8"?>
<coverage line-rate="0.9285" branch-rate="0.8691" version="1.9" timestamp="1775437722" lines-covered="351" lines-valid="378" branches-covered="186" branches-valid="214">
  <sources>
    <source>/home/harshid/Project_Practice/_net/Microservice_2/tuesday/Product/</source>
  </sources>
  <packages>
    <package name="Product" line-rate="0.9285" branch-rate="0.8691" complexity="228">
      <classes>
        <class name="PRODUCT.Services.ProductService" filename="Services/ProductService.cs" line-rate="1" branch-rate="1" complexity="1">
          <methods>
            <method name=".ctor" signature="(PRODUCT.Repository.Irepository,AutoMapper.IMapper,MassTransit.IPublishEndpoint,CloudinaryService.ClodinaryService,Microsoft.Extensions.Logging.ILogger`1&lt;PRODUCT.Services.ProductService&gt;)" line-rate="1" branch-rate="1" complexity="1">
              <lines>
                <line number="18" hits="36" branch="False" />
                <line number="19" hits="36" branch="False" />
                <line number="20" hits="36" branch="False" />
                <line number="21" hits="36" branch="False" />
                <line number="22" hits="36" branch="False" />
                <line number="23" hits="36" branch="False" />
                <line number="24" hits="36" branch="False" />
                <line number="25" hits="36" branch="False" />
              </lines>
            </method>
          </methods>
          <lines>
            <line number="18" hits="36" branch="False" />
            <line number="19" hits="36" branch="False" />
            <line number="20" hits="36" branch="False" />
            <line number="21" hits="36" branch="False" />
            <line number="22" hits="36" branch="False" />
            <line number="23" hits="36" branch="False" />
            <line number="24" hits="36" branch="False" />
            <line number="25" hits="36" branch="False" />
          </lines>
        </class>
        <class name="PRODUCT.Services.ProductService/&lt;&gt;c__DisplayClass11_0" filename="Services/ProductService.cs" line-rate="1" branch-rate="1" complexity="1">
          <methods>
            <method name="&lt;deleteProductImage&gt;b__0" signature="(PRODUCT.Model.ImageTable)" line-rate="1" branch-rate="1" complexity="1">
              <lines>
                <line number="173" hits="4" branch="False" />
              </lines>
            </method>
          </methods>
          <lines>
            <line number="173" hits="4" branch="False" />
          </lines>
        </class>
        <class name="PRODUCT.Services.ProductService/&lt;&gt;c__DisplayClass12_1" filename="Services/ProductService.cs" line-rate="1" branch-rate="1" complexity="1">
          <methods>
            <method name="&lt;updateImages&gt;b__0" signature="(PRODUCT.Model.ImageTable)" line-rate="1" branch-rate="1" complexity="1">
              <lines>
                <line number="219" hits="8" branch="False" />
              </lines>
            </method>
          </methods>
          <lines>
            <line number="219" hits="8" branch="False" />
          </lines>
        </class>
        <class name="PRODUCT.Services.ProductService/&lt;addImage&gt;d__9" filename="Services/ProductService.cs" line-rate="0.9473" branch-rate="0.8571" complexity="14">
          <methods>
            <method name="MoveNext" signature="()" line-rate="0.9473" branch-rate="0.8571" complexity="14">
              <lines>
                <line number="119" hits="4" branch="False" />
                <line number="120" hits="4" branch="False" />
                <line number="122" hits="4" branch="True" condition-coverage="100% (2/2)">
                  <conditions>
                    <condition number="194" type="jump" coverage="100%" />
                  </conditions>
                </line>
                <line number="123" hits="1" branch="False" />
                <line number="125" hits="3" branch="True" condition-coverage="100% (2/2)">
                  <conditions>
                    <condition number="259" type="jump" coverage="100%" />
                  </conditions>
                </line>
                <line number="126" hits="1" branch="False" />
                <line number="128" hits="2" branch="True" condition-coverage="100% (4/4)">
                  <conditions>
                    <condition number="288" type="jump" coverage="100%" />
                    <condition number="316" type="jump" coverage="100%" />
                  </conditions>
                </line>
                <line number="129" hits="1" branch="False" />
                <line number="131" hits="1" branch="True" condition-coverage="50% (1/2)">
                  <conditions>
                    <condition number="368" type="jump" coverage="50%" />
                  </conditions>
                </line>
                <line number="133" hits="1" branch="True" condition-coverage="50% (1/2)">
                  <conditions>
                    <condition number="519" type="jump" coverage="50%" />
                  </conditions>
                </line>
                <line number="134" hits="0" branch="False" />
                <line number="136" hits="5" branch="True" condition-coverage="100% (2/2)">
                  <conditions>
                    <condition number="616" type="jump" coverage="100%" />
                  </conditions>
                </line>
                <line number="137" hits="1" branch="False" />
                <line number="139" hits="1" branch="False" />
                <line number="141" hits="1" branch="False" />
                <line number="142" hits="1" branch="False" />
                <line number="143" hits="1" branch="False" />
                <line number="144" hits="1" branch="False" />
                <line number="145" hits="4" branch="False" />
              </lines>
            </method>
          </methods>
          <lines>
            <line number="119" hits="4" branch="False" />
            <line number="120" hits="4" branch="False" />
            <line number="122" hits="4" branch="True" condition-coverage="100% (2/2)">
              <conditions>
                <condition number="194" type="jump" coverage="100%" />
              </conditions>
            </line>
            <line number="123" hits="1" branch="False" />
            <line number="125" hits="3" branch="True" condition-coverage="100% (2/2)">
              <conditions>
                <condition number="259" type="jump" coverage="100%" />
              </conditions>
            </line>
            <line number="126" hits="1" branch="False" />
            <line number="128" hits="2" branch="True" condition-coverage="100% (4/4)">
              <conditions>
                <condition number="288" type="jump" coverage="100%" />
                <condition number="316" type="jump" coverage="100%" />
              </conditions>
            </line>
            <line number="129" hits="1" branch="False" />
            <line number="131" hits="1" branch="True" condition-coverage="50% (1/2)">
              <conditions>
                <condition number="368" type="jump" coverage="50%" />
              </conditions>
            </line>
            <line number="133" hits="1" branch="True" condition-coverage="50% (1/2)">
              <conditions>
                <condition number="519" type="jump" coverage="50%" />
              </conditions>
            </line>
            <line number="134" hits="0" branch="False" />
            <line number="136" hits="5" branch="True" condition-coverage="100% (2/2)">
              <conditions>
                <condition number="616" type="jump" coverage="100%" />
              </conditions>
            </line>
            <line number="137" hits="1" branch="False" />
            <line number="139" hits="1" branch="False" />
            <line number="141" hits="1" branch="False" />
            <line number="142" hits="1" branch="False" />
            <line number="143" hits="1" branch="False" />
            <line number="144" hits="1" branch="False" />
            <line number="145" hits="4" branch="False" />
          </lines>
        </class>
        <class name="PRODUCT.Services.ProductService/&lt;addImages&gt;d__13" filename="Services/ProductService.cs" line-rate="1" branch-rate="0.9444" complexity="18">
          <methods>
            <method name="MoveNext" signature="()" line-rate="1" branch-rate="0.9444" complexity="18">
              <lines>
                <line number="248" hits="8" branch="False" />
                <line number="249" hits="8" branch="True" condition-coverage="100% (4/4)">
                  <conditions>
                    <condition number="24" type="jump" coverage="100%" />
                    <condition number="45" type="jump" coverage="100%" />
                  </conditions>
                </line>
                <line number="250" hits="1" branch="False" />
                <line number="252" hits="7" branch="True" condition-coverage="100% (2/2)">
                  <conditions>
                    <condition number="72" type="jump" coverage="100%" />
                  </conditions>
                </line>
                <line number="253" hits="1" branch="False" />
                <line number="255" hits="6" branch="True" condition-coverage="100% (2/2)">
                  <conditions>
                    <condition number="110" type="jump" coverage="100%" />
                  </conditions>
                </line>
                <line number="256" hits="1" branch="False" />
                <line number="258" hits="5" branch="False" />
                <line number="260" hits="23" branch="True" condition-coverage="100% (2/2)">
                  <conditions>
                    <condition number="560" type="jump" coverage="100%" />
                  </conditions>
                </line>
                <line number="261" hits="5" branch="False" />
                <line number="262" hits="5" branch="True" condition-coverage="75% (3/4)">
                  <conditions>
                    <condition number="189" type="jump" coverage="50%" />
                    <condition number="213" type="jump" coverage="100%" />
                  </conditions>
                </line>
                <line number="263" hits="1" branch="False" />
                <line number="266" hits="4" branch="False" />
                <line number="267" hits="4" branch="False" />
                <line number="269" hits="4" branch="True" condition-coverage="100% (4/4)">
                  <conditions>
                    <condition number="391" type="jump" coverage="100%" />
                    <condition number="414" type="jump" coverage="100%" />
                  </conditions>
                </line>
                <line number="270" hits="1" branch="False" />
                <line number="272" hits="3" branch="False" />
                <line number="273" hits="3" branch="False" />
                <line number="274" hits="3" branch="False" />
                <line number="275" hits="3" branch="False" />
                <line number="276" hits="3" branch="False" />
                <line number="277" hits="3" branch="False" />
                <line number="278" hits="1" branch="False" />
                <line number="279" hits="1" branch="False" />
                <line number="280" hits="1" branch="False" />
                <line number="281" hits="1" branch="False" />
                <line number="283" hits="3" branch="False" />
                <line number="285" hits="3" branch="False" />
                <line number="286" hits="3" branch="False" />
              </lines>
            </method>
          </methods>
          <lines>
            <line number="248" hits="8" branch="False" />
            <line number="249" hits="8" branch="True" condition-coverage="100% (4/4)">
              <conditions>
                <condition number="24" type="jump" coverage="100%" />
                <condition number="45" type="jump" coverage="100%" />
              </conditions>
            </line>
            <line number="250" hits="1" branch="False" />
            <line number="252" hits="7" branch="True" condition-coverage="100% (2/2)">
              <conditions>
                <condition number="72" type="jump" coverage="100%" />
              </conditions>
            </line>
            <line number="253" hits="1" branch="False" />
            <line number="255" hits="6" branch="True" condition-coverage="100% (2/2)">
              <conditions>
                <condition number="110" type="jump" coverage="100%" />
              </conditions>
            </line>
            <line number="256" hits="1" branch="False" />
            <line number="258" hits="5" branch="False" />
            <line number="260" hits="23" branch="True" condition-coverage="100% (2/2)">
              <conditions>
                <condition number="560" type="jump" coverage="100%" />
              </conditions>
            </line>
            <line number="261" hits="5" branch="False" />
            <line number="262" hits="5" branch="True" condition-coverage="75% (3/4)">
              <conditions>
                <condition number="189" type="jump" coverage="50%" />
                <condition number="213" type="jump" coverage="100%" />
              </conditions>
            </line>
            <line number="263" hits="1" branch="False" />
            <line number="266" hits="4" branch="False" />
            <line number="267" hits="4" branch="False" />
            <line number="269" hits="4" branch="True" condition-coverage="100% (4/4)">
              <conditions>
                <condition number="391" type="jump" coverage="100%" />
                <condition number="414" type="jump" coverage="100%" />
              </conditions>
            </line>
            <line number="270" hits="1" branch="False" />
            <line number="272" hits="3" branch="False" />
            <line number="273" hits="3" branch="False" />
            <line number="274" hits="3" branch="False" />
            <line number="275" hits="3" branch="False" />
            <line number="276" hits="3" branch="False" />
            <line number="277" hits="3" branch="False" />
            <line number="278" hits="1" branch="False" />
            <line number="279" hits="1" branch="False" />
            <line number="280" hits="1" branch="False" />
            <line number="281" hits="1" branch="False" />
            <line number="283" hits="3" branch="False" />
            <line number="285" hits="3" branch="False" />
            <line number="286" hits="3" branch="False" />
          </lines>
        </class>
        <class name="PRODUCT.Services.ProductService/&lt;createProduct&gt;d__6" filename="Services/ProductService.cs" line-rate="1" branch-rate="1" complexity="6">
          <methods>
            <method name="MoveNext" signature="()" line-rate="1" branch-rate="1" complexity="6">
              <lines>
                <line number="27" hits="2" branch="False" />
                <line number="34" hits="2" branch="False" />
                <line number="35" hits="2" branch="True" condition-coverage="100% (2/2)">
                  <conditions>
                    <condition number="63" type="jump" coverage="100%" />
                  </conditions>
                </line>
                <line number="36" hits="1" branch="False" />
                <line number="37" hits="1" branch="False" />
                <line number="38" hits="1" branch="False" />
                <line number="40" hits="2" branch="False" />
                <line number="41" hits="2" branch="True" condition-coverage="100% (2/2)">
                  <conditions>
                    <condition number="249" type="jump" coverage="100%" />
                  </conditions>
                </line>
                <line number="42" hits="2" branch="False" />
                <line number="43" hits="2" branch="True" condition-coverage="100% (2/2)">
                  <conditions>
                    <condition number="468" type="jump" coverage="100%" />
                  </conditions>
                </line>
                <line number="44" hits="2" branch="False" />
                <line number="45" hits="2" branch="False" />
                <line number="46" hits="2" branch="False" />
                <line number="48" hits="2" branch="False" />
                <line number="49" hits="2" branch="False" />
                <line number="50" hits="2" branch="False" />
              </lines>
            </method>
          </methods>
          <lines>
            <line number="27" hits="2" branch="False" />
            <line number="34" hits="2" branch="False" />
            <line number="35" hits="2" branch="True" condition-coverage="100% (2/2)">
              <conditions>
                <condition number="63" type="jump" coverage="100%" />
              </conditions>
            </line>
            <line number="36" hits="1" branch="False" />
            <line number="37" hits="1" branch="False" />
            <line number="38" hits="1" branch="False" />
            <line number="40" hits="2" branch="False" />
            <line number="41" hits="2" branch="True" condition-coverage="100% (2/2)">
              <conditions>
                <condition number="249" type="jump" coverage="100%" />
              </conditions>
            </line>
            <line number="42" hits="2" branch="False" />
            <line number="43" hits="2" branch="True" condition-coverage="100% (2/2)">
              <conditions>
                <condition number="468" type="jump" coverage="100%" />
              </conditions>
            </line>
            <line number="44" hits="2" branch="False" />
            <line number="45" hits="2" branch="False" />
            <line number="46" hits="2" branch="False" />
            <line number="48" hits="2" branch="False" />
            <line number="49" hits="2" branch="False" />
            <line number="50" hits="2" branch="False" />
          </lines>
        </class>
        <class name="PRODUCT.Services.ProductService/&lt;deleteProduct&gt;d__7" filename="Services/ProductService.cs" line-rate="1" branch-rate="1" complexity="6">
          <methods>
            <method name="MoveNext" signature="()" line-rate="1" branch-rate="1" complexity="6">
              <lines>
                <line number="52" hits="4" branch="False" />
                <line number="53" hits="4" branch="False" />
                <line number="54" hits="4" branch="True" condition-coverage="100% (2/2)">
                  <conditions>
                    <condition number="189" type="jump" coverage="100%" />
                  </conditions>
                </line>
                <line number="55" hits="1" branch="False" />
                <line number="57" hits="3" branch="True" condition-coverage="100% (2/2)">
                  <conditions>
                    <condition number="259" type="jump" coverage="100%" />
                  </conditions>
                </line>
                <line number="58" hits="1" branch="False" />
                <line number="60" hits="2" branch="False" />
                <line number="61" hits="2" branch="True" condition-coverage="100% (2/2)">
                  <conditions>
                    <condition number="429" type="jump" coverage="100%" />
                  </conditions>
                </line>
                <line number="62" hits="1" branch="False" />
                <line number="63" hits="1" branch="False" />
                <line number="64" hits="1" branch="False" />
                <line number="65" hits="1" branch="False" />
                <line number="66" hits="1" branch="False" />
                <line number="68" hits="1" branch="False" />
                <line number="69" hits="4" branch="False" />
              </lines>
            </method>
          </methods>
          <lines>
            <line number="52" hits="4" branch="False" />
            <line number="53" hits="4" branch="False" />
            <line number="54" hits="4" branch="True" condition-coverage="100% (2/2)">
              <conditions>
                <condition number="189" type="jump" coverage="100%" />
              </conditions>
            </line>
            <line number="55" hits="1" branch="False" />
            <line number="57" hits="3" branch="True" condition-coverage="100% (2/2)">
              <conditions>
                <condition number="259" type="jump" coverage="100%" />
              </conditions>
            </line>
            <line number="58" hits="1" branch="False" />
            <line number="60" hits="2" branch="False" />
            <line number="61" hits="2" branch="True" condition-coverage="100% (2/2)">
              <conditions>
                <condition number="429" type="jump" coverage="100%" />
              </conditions>
            </line>
            <line number="62" hits="1" branch="False" />
            <line number="63" hits="1" branch="False" />
            <line number="64" hits="1" branch="False" />
            <line number="65" hits="1" branch="False" />
            <line number="66" hits="1" branch="False" />
            <line number="68" hits="1" branch="False" />
            <line number="69" hits="4" branch="False" />
          </lines>
        </class>
        <class name="PRODUCT.Services.ProductService/&lt;deleteProductImage&gt;d__11" filename="Services/ProductService.cs" line-rate="0.8332999999999999" branch-rate="0.9166" complexity="12">
          <methods>
            <method name="MoveNext" signature="()" line-rate="0.8332999999999999" branch-rate="0.9166" complexity="12">
              <lines>
                <line number="161" hits="5" branch="True" condition-coverage="100% (2/2)">
                  <conditions>
                    <condition number="16" type="jump" coverage="100%" />
                  </conditions>
                </line>
                <line number="162" hits="5" branch="False" />
                <line number="164" hits="5" branch="True" condition-coverage="100% (2/2)">
                  <conditions>
                    <condition number="205" type="jump" coverage="100%" />
                  </conditions>
                </line>
                <line number="165" hits="1" branch="False" />
                <line number="167" hits="4" branch="True" condition-coverage="100% (2/2)">
                  <conditions>
                    <condition number="265" type="jump" coverage="100%" />
                  </conditions>
                </line>
                <line number="168" hits="1" branch="False" />
                <line number="170" hits="3" branch="True" condition-coverage="75% (3/4)">
                  <conditions>
                    <condition number="289" type="jump" coverage="50%" />
                    <condition number="317" type="jump" coverage="100%" />
                  </conditions>
                </line>
                <line number="171" hits="1" branch="False" />
                <line number="175" hits="2" branch="True" condition-coverage="100% (2/2)">
                  <conditions>
                    <condition number="382" type="jump" coverage="100%" />
                  </conditions>
                </line>
                <line number="176" hits="1" branch="False" />
                <line number="179" hits="1" branch="False" />
                <line number="181" hits="1" branch="False" />
                <line number="183" hits="1" branch="False" />
                <line number="185" hits="1" branch="False" />
                <line number="186" hits="1" branch="False" />
                <line number="187" hits="1" branch="False" />
                <line number="188" hits="1" branch="False" />
                <line number="189" hits="1" branch="False" />
                <line number="190" hits="1" branch="False" />
                <line number="192" hits="0" branch="False" />
                <line number="193" hits="0" branch="False" />
                <line number="194" hits="0" branch="False" />
                <line number="195" hits="0" branch="False" />
                <line number="197" hits="1" branch="False" />
              </lines>
            </method>
          </methods>
          <lines>
            <line number="161" hits="5" branch="True" condition-coverage="100% (2/2)">
              <conditions>
                <condition number="16" type="jump" coverage="100%" />
              </conditions>
            </line>
            <line number="162" hits="5" branch="False" />
            <line number="164" hits="5" branch="True" condition-coverage="100% (2/2)">
              <conditions>
                <condition number="205" type="jump" coverage="100%" />
              </conditions>
            </line>
            <line number="165" hits="1" branch="False" />
            <line number="167" hits="4" branch="True" condition-coverage="100% (2/2)">
              <conditions>
                <condition number="265" type="jump" coverage="100%" />
              </conditions>
            </line>
            <line number="168" hits="1" branch="False" />
            <line number="170" hits="3" branch="True" condition-coverage="75% (3/4)">
              <conditions>
                <condition number="289" type="jump" coverage="50%" />
                <condition number="317" type="jump" coverage="100%" />
              </conditions>
            </line>
            <line number="171" hits="1" branch="False" />
            <line number="175" hits="2" branch="True" condition-coverage="100% (2/2)">
              <conditions>
                <condition number="382" type="jump" coverage="100%" />
              </conditions>
            </line>
            <line number="176" hits="1" branch="False" />
            <line number="179" hits="1" branch="False" />
            <line number="181" hits="1" branch="False" />
            <line number="183" hits="1" branch="False" />
            <line number="185" hits="1" branch="False" />
            <line number="186" hits="1" branch="False" />
            <line number="187" hits="1" branch="False" />
            <line number="188" hits="1" branch="False" />
            <line number="189" hits="1" branch="False" />
            <line number="190" hits="1" branch="False" />
            <line number="192" hits="0" branch="False" />
            <line number="193" hits="0" branch="False" />
            <line number="194" hits="0" branch="False" />
            <line number="195" hits="0" branch="False" />
            <line number="197" hits="1" branch="False" />
          </lines>
        </class>
        <class name="PRODUCT.Services.ProductService/&lt;getAllProducts&gt;d__10" filename="Services/ProductService.cs" line-rate="1" branch-rate="1" complexity="2">
          <methods>
            <method name="MoveNext" signature="()" line-rate="1" branch-rate="1" complexity="2">
              <lines>
                <line number="148" hits="2" branch="False" />
                <line number="149" hits="2" branch="False" />
                <line number="150" hits="2" branch="True" condition-coverage="100% (2/2)">
                  <conditions>
                    <condition number="164" type="jump" coverage="100%" />
                  </conditions>
                </line>
                <line number="151" hits="1" branch="False" />
                <line number="155" hits="1" branch="False" />
                <line number="156" hits="1" branch="False" />
                <line number="158" hits="2" branch="False" />
              </lines>
            </method>
          </methods>
          <lines>
            <line number="148" hits="2" branch="False" />
            <line number="149" hits="2" branch="False" />
            <line number="150" hits="2" branch="True" condition-coverage="100% (2/2)">
              <conditions>
                <condition number="164" type="jump" coverage="100%" />
              </conditions>
            </line>
            <line number="151" hits="1" branch="False" />
            <line number="155" hits="1" branch="False" />
            <line number="156" hits="1" branch="False" />
            <line number="158" hits="2" branch="False" />
          </lines>
        </class>
        <class name="PRODUCT.Services.ProductService/&lt;updateImages&gt;d__12" filename="Services/ProductService.cs" line-rate="1" branch-rate="0.9545" complexity="22">
          <methods>
            <method name="MoveNext" signature="()" line-rate="1" branch-rate="0.9545" complexity="22">
              <lines>
                <line number="204" hits="8" branch="False" />
                <line number="205" hits="8" branch="True" condition-coverage="100% (4/4)">
                  <conditions>
                    <condition number="53" type="jump" coverage="100%" />
                    <condition number="74" type="jump" coverage="100%" />
                  </conditions>
                </line>
                <line number="206" hits="1" branch="False" />
                <line number="208" hits="7" branch="True" condition-coverage="100% (4/4)">
                  <conditions>
                    <condition number="98" type="jump" coverage="100%" />
                    <condition number="124" type="jump" coverage="100%" />
                  </conditions>
                </line>
                <line number="209" hits="1" branch="False" />
                <line number="211" hits="6" branch="True" condition-coverage="100% (2/2)">
                  <conditions>
                    <condition number="173" type="jump" coverage="100%" />
                  </conditions>
                </line>
                <line number="212" hits="1" branch="False" />
                <line number="214" hits="5" branch="True" condition-coverage="75% (3/4)">
                  <conditions>
                    <condition number="192" type="jump" coverage="50%" />
                    <condition number="215" type="jump" coverage="100%" />
                  </conditions>
                </line>
                <line number="215" hits="1" branch="False" />
                <line number="217" hits="10" branch="True" condition-coverage="100% (2/2)">
                  <conditions>
                    <condition number="947" type="jump" coverage="100%" />
                  </conditions>
                </line>
                <line number="218" hits="4" branch="False" />
                <line number="221" hits="4" branch="True" condition-coverage="100% (2/2)">
                  <conditions>
                    <condition number="321" type="jump" coverage="100%" />
                  </conditions>
                </line>
                <line number="222" hits="1" branch="False" />
                <line number="225" hits="3" branch="False" />
                <line number="226" hits="3" branch="False" />
                <line number="228" hits="2" branch="True" condition-coverage="100% (4/4)">
                  <conditions>
                    <condition number="604" type="jump" coverage="100%" />
                    <condition number="627" type="jump" coverage="100%" />
                  </conditions>
                </line>
                <line number="229" hits="1" branch="False" />
                <line number="231" hits="1" branch="False" />
                <line number="232" hits="1" branch="False" />
                <line number="233" hits="1" branch="False" />
                <line number="235" hits="1" branch="False" />
                <line number="236" hits="1" branch="False" />
                <line number="237" hits="1" branch="False" />
                <line number="238" hits="2" branch="False" />
                <line number="239" hits="2" branch="False" />
                <line number="240" hits="2" branch="False" />
                <line number="241" hits="2" branch="False" />
                <line number="243" hits="1" branch="False" />
                <line number="245" hits="1" branch="False" />
                <line number="246" hits="1" branch="False" />
              </lines>
            </method>
          </methods>
          <lines>
            <line number="204" hits="8" branch="False" />
            <line number="205" hits="8" branch="True" condition-coverage="100% (4/4)">
              <conditions>
                <condition number="53" type="jump" coverage="100%" />
                <condition number="74" type="jump" coverage="100%" />
              </conditions>
            </line>
            <line number="206" hits="1" branch="False" />
            <line number="208" hits="7" branch="True" condition-coverage="100% (4/4)">
              <conditions>
                <condition number="98" type="jump" coverage="100%" />
                <condition number="124" type="jump" coverage="100%" />
              </conditions>
            </line>
            <line number="209" hits="1" branch="False" />
            <line number="211" hits="6" branch="True" condition-coverage="100% (2/2)">
              <conditions>
                <condition number="173" type="jump" coverage="100%" />
              </conditions>
            </line>
            <line number="212" hits="1" branch="False" />
            <line number="214" hits="5" branch="True" condition-coverage="75% (3/4)">
              <conditions>
                <condition number="192" type="jump" coverage="50%" />
                <condition number="215" type="jump" coverage="100%" />
              </conditions>
            </line>
            <line number="215" hits="1" branch="False" />
            <line number="217" hits="10" branch="True" condition-coverage="100% (2/2)">
              <conditions>
                <condition number="947" type="jump" coverage="100%" />
              </conditions>
            </line>
            <line number="218" hits="4" branch="False" />
            <line number="221" hits="4" branch="True" condition-coverage="100% (2/2)">
              <conditions>
                <condition number="321" type="jump" coverage="100%" />
              </conditions>
            </line>
            <line number="222" hits="1" branch="False" />
            <line number="225" hits="3" branch="False" />
            <line number="226" hits="3" branch="False" />
            <line number="228" hits="2" branch="True" condition-coverage="100% (4/4)">
              <conditions>
                <condition number="604" type="jump" coverage="100%" />
                <condition number="627" type="jump" coverage="100%" />
              </conditions>
            </line>
            <line number="229" hits="1" branch="False" />
            <line number="231" hits="1" branch="False" />
            <line number="232" hits="1" branch="False" />
            <line number="233" hits="1" branch="False" />
            <line number="235" hits="1" branch="False" />
            <line number="236" hits="1" branch="False" />
            <line number="237" hits="1" branch="False" />
            <line number="238" hits="2" branch="False" />
            <line number="239" hits="2" branch="False" />
            <line number="240" hits="2" branch="False" />
            <line number="241" hits="2" branch="False" />
            <line number="243" hits="1" branch="False" />
            <line number="245" hits="1" branch="False" />
            <line number="246" hits="1" branch="False" />
          </lines>
        </class>
        <class name="PRODUCT.Services.ProductService/&lt;updateProduct&gt;d__8" filename="Services/ProductService.cs" line-rate="0.6944" branch-rate="0.7726999999999999" complexity="44">
          <methods>
            <method name="MoveNext" signature="()" line-rate="0.6944" branch-rate="0.7726999999999999" complexity="44">
              <lines>
                <line number="71" hits="5" branch="False" />
                <line number="73" hits="5" branch="False" />
                <line number="74" hits="5" branch="True" condition-coverage="100% (2/2)">
                  <conditions>
                    <condition number="203" type="jump" coverage="100%" />
                  </conditions>
                </line>
                <line number="75" hits="1" branch="False" />
                <line number="77" hits="4" branch="True" condition-coverage="100% (2/2)">
                  <conditions>
                    <condition number="268" type="jump" coverage="100%" />
                  </conditions>
                </line>
                <line number="78" hits="1" branch="False" />
                <line number="81" hits="3" branch="False" />
                <line number="82" hits="3" branch="True" condition-coverage="83.33% (10/12)">
                  <conditions>
                    <condition number="320" type="jump" coverage="100%" />
                    <condition number="345" type="jump" coverage="100%" />
                    <condition number="388" type="jump" coverage="50%" />
                    <condition number="412" type="jump" coverage="100%" />
                    <condition number="441" type="jump" coverage="50%" />
                    <condition number="467" type="jump" coverage="100%" />
                  </conditions>
                </line>
                <line number="83" hits="1" branch="False" />
                <line number="84" hits="1" branch="True" condition-coverage="50% (1/2)">
                  <conditions>
                    <condition number="491" type="jump" coverage="50%" />
                  </conditions>
                </line>
                <line number="85" hits="1" branch="False" />
                <line number="86" hits="1" branch="False" />
                <line number="88" hits="0" branch="False" />
                <line number="89" hits="0" branch="False" />
                <line number="90" hits="0" branch="False" />
                <line number="91" hits="0" branch="False" />
                <line number="92" hits="0" branch="False" />
                <line number="93" hits="2" branch="True" condition-coverage="50% (2/4)">
                  <conditions>
                    <condition number="657" type="jump" coverage="50%" />
                    <condition number="687" type="jump" coverage="50%" />
                  </conditions>
                </line>
                <line number="94" hits="0" branch="False" />
                <line number="95" hits="0" branch="False" />
                <line number="96" hits="0" branch="False" />
                <line number="97" hits="2" branch="True" condition-coverage="83.33% (5/6)">
                  <conditions>
                    <condition number="751" type="jump" coverage="100%" />
                    <condition number="780" type="jump" coverage="50%" />
                    <condition number="806" type="jump" coverage="100%" />
                  </conditions>
                </line>
                <line number="98" hits="1" branch="False" />
                <line number="100" hits="2" branch="True" condition-coverage="50% (4/8)">
                  <conditions>
                    <condition number="851" type="jump" coverage="50%" />
                    <condition number="864" type="jump" coverage="50%" />
                    <condition number="883" type="jump" coverage="50%" />
                    <condition number="911" type="jump" coverage="50%" />
                  </conditions>
                </line>
                <line number="101" hits="0" branch="False" />
                <line number="102" hits="0" branch="False" />
                <line number="104" hits="0" branch="False" />
                <line number="105" hits="2" branch="True" condition-coverage="100% (2/2)">
                  <conditions>
                    <condition number="1127" type="jump" coverage="100%" />
                  </conditions>
                </line>
                <line number="106" hits="1" branch="False" />
                <line number="108" hits="1" branch="False" />
                <line number="109" hits="1" branch="False" />
                <line number="110" hits="2" branch="False" />
                <line number="112" hits="2" branch="True" condition-coverage="100% (6/6)">
                  <conditions>
                    <condition number="1293" type="jump" coverage="100%" />
                    <condition number="1301" type="jump" coverage="100%" />
                    <condition number="1319" type="jump" coverage="100%" />
                  </conditions>
                </line>
                <line number="113" hits="1" branch="False" />
                <line number="115" hits="2" branch="False" />
                <line number="116" hits="5" branch="False" />
              </lines>
            </method>
          </methods>
          <lines>
            <line number="71" hits="5" branch="False" />
            <line number="73" hits="5" branch="False" />
            <line number="74" hits="5" branch="True" condition-coverage="100% (2/2)">
              <conditions>
                <condition number="203" type="jump" coverage="100%" />
              </conditions>
            </line>
            <line number="75" hits="1" branch="False" />
            <line number="77" hits="4" branch="True" condition-coverage="100% (2/2)">
              <conditions>
                <condition number="268" type="jump" coverage="100%" />
              </conditions>
            </line>
            <line number="78" hits="1" branch="False" />
            <line number="81" hits="3" branch="False" />
            <line number="82" hits="3" branch="True" condition-coverage="83.33% (10/12)">
              <conditions>
                <condition number="320" type="jump" coverage="100%" />
                <condition number="345" type="jump" coverage="100%" />
                <condition number="388" type="jump" coverage="50%" />
                <condition number="412" type="jump" coverage="100%" />
                <condition number="441" type="jump" coverage="50%" />
                <condition number="467" type="jump" coverage="100%" />
              </conditions>
            </line>
            <line number="83" hits="1" branch="False" />
            <line number="84" hits="1" branch="True" condition-coverage="50% (1/2)">
              <conditions>
                <condition number="491" type="jump" coverage="50%" />
              </conditions>
            </line>
            <line number="85" hits="1" branch="False" />
            <line number="86" hits="1" branch="False" />
            <line number="88" hits="0" branch="False" />
            <line number="89" hits="0" branch="False" />
            <line number="90" hits="0" branch="False" />
            <line number="91" hits="0" branch="False" />
            <line number="92" hits="0" branch="False" />
            <line number="93" hits="2" branch="True" condition-coverage="50% (2/4)">
              <conditions>
                <condition number="657" type="jump" coverage="50%" />
                <condition number="687" type="jump" coverage="50%" />
              </conditions>
            </line>
            <line number="94" hits="0" branch="False" />
            <line number="95" hits="0" branch="False" />
            <line number="96" hits="0" branch="False" />
            <line number="97" hits="2" branch="True" condition-coverage="83.33% (5/6)">
              <conditions>
                <condition number="751" type="jump" coverage="100%" />
                <condition number="780" type="jump" coverage="50%" />
                <condition number="806" type="jump" coverage="100%" />
              </conditions>
            </line>
            <line number="98" hits="1" branch="False" />
            <line number="100" hits="2" branch="True" condition-coverage="50% (4/8)">
              <conditions>
                <condition number="851" type="jump" coverage="50%" />
                <condition number="864" type="jump" coverage="50%" />
                <condition number="883" type="jump" coverage="50%" />
                <condition number="911" type="jump" coverage="50%" />
              </conditions>
            </line>
            <line number="101" hits="0" branch="False" />
            <line number="102" hits="0" branch="False" />
            <line number="104" hits="0" branch="False" />
            <line number="105" hits="2" branch="True" condition-coverage="100% (2/2)">
              <conditions>
                <condition number="1127" type="jump" coverage="100%" />
              </conditions>
            </line>
            <line number="106" hits="1" branch="False" />
            <line number="108" hits="1" branch="False" />
            <line number="109" hits="1" branch="False" />
            <line number="110" hits="2" branch="False" />
            <line number="112" hits="2" branch="True" condition-coverage="100% (6/6)">
              <conditions>
                <condition number="1293" type="jump" coverage="100%" />
                <condition number="1301" type="jump" coverage="100%" />
                <condition number="1319" type="jump" coverage="100%" />
              </conditions>
            </line>
            <line number="113" hits="1" branch="False" />
            <line number="115" hits="2" branch="False" />
            <line number="116" hits="5" branch="False" />
          </lines>
        </class>
        <class name="PRODUCT.Repository.Repository" filename="Repository/Repository.cs" line-rate="1" branch-rate="1" complexity="3">
          <methods>
            <method name="get_db" signature="()" line-rate="1" branch-rate="1" complexity="1">
              <lines>
                <line number="9" hits="147" branch="False" />
              </lines>
            </method>
            <method name="getProduct" signature="()" line-rate="1" branch-rate="1" complexity="1">
              <lines>
                <line number="36" hits="1" branch="False" />
                <line number="37" hits="1" branch="False" />
              </lines>
            </method>
            <method name=".ctor" signature="(PRODUCT.Model.MACUTIONDB)" line-rate="1" branch-rate="1" complexity="1">
              <lines>
                <line number="11" hits="66" branch="False" />
                <line number="12" hits="66" branch="False" />
                <line number="13" hits="66" branch="False" />
                <line number="14" hits="66" branch="False" />
              </lines>
            </method>
          </methods>
          <lines>
            <line number="9" hits="147" branch="False" />
            <line number="36" hits="1" branch="False" />
            <line number="37" hits="1" branch="False" />
            <line number="11" hits="66" branch="False" />
            <line number="12" hits="66" branch="False" />
            <line number="13" hits="66" branch="False" />
            <line number="14" hits="66" branch="False" />
          </lines>
        </class>
        <class name="PRODUCT.Repository.Repository/&lt;Add&gt;d__5" filename="Repository/Repository.cs" line-rate="1" branch-rate="1" complexity="1">
          <methods>
            <method name="MoveNext" signature="()" line-rate="1" branch-rate="1" complexity="1">
              <lines>
                <line number="16" hits="6" branch="False" />
                <line number="17" hits="6" branch="False" />
                <line number="18" hits="6" branch="False" />
                <line number="19" hits="6" branch="False" />
                <line number="20" hits="6" branch="False" />
              </lines>
            </method>
          </methods>
          <lines>
            <line number="16" hits="6" branch="False" />
            <line number="17" hits="6" branch="False" />
            <line number="18" hits="6" branch="False" />
            <line number="19" hits="6" branch="False" />
            <line number="20" hits="6" branch="False" />
          </lines>
        </class>
        <class name="PRODUCT.Repository.Repository/&lt;AllProducts&gt;d__10" filename="Repository/Repository.cs" line-rate="1" branch-rate="0.875" complexity="32">
          <methods>
            <method name="MoveNext" signature="()" line-rate="1" branch-rate="0.875" complexity="32">
              <lines>
                <line number="47" hits="45" branch="False" />
                <line number="48" hits="45" branch="False" />
                <line number="52" hits="45" branch="True" condition-coverage="100% (2/2)">
                  <conditions>
                    <condition number="153" type="jump" coverage="100%" />
                  </conditions>
                </line>
                <line number="53" hits="5" branch="False" />
                <line number="55" hits="45" branch="True" condition-coverage="100% (2/2)">
                  <conditions>
                    <condition number="321" type="jump" coverage="100%" />
                  </conditions>
                </line>
                <line number="56" hits="6" branch="False" />
                <line number="58" hits="45" branch="True" condition-coverage="83.33% (5/6)">
                  <conditions>
                    <condition number="510" type="jump" coverage="100%" />
                    <condition number="544" type="jump" coverage="50%" />
                    <condition number="570" type="jump" coverage="100%" />
                  </conditions>
                </line>
                <line number="59" hits="4" branch="False" />
                <line number="61" hits="45" branch="True" condition-coverage="83.33% (5/6)">
                  <conditions>
                    <condition number="766" type="jump" coverage="100%" />
                    <condition number="800" type="jump" coverage="50%" />
                    <condition number="826" type="jump" coverage="100%" />
                  </conditions>
                </line>
                <line number="62" hits="4" branch="False" />
                <line number="64" hits="45" branch="True" condition-coverage="83.33% (5/6)">
                  <conditions>
                    <condition number="1022" type="jump" coverage="100%" />
                    <condition number="1056" type="jump" coverage="50%" />
                    <condition number="1082" type="jump" coverage="100%" />
                  </conditions>
                </line>
                <line number="65" hits="3" branch="False" />
                <line number="67" hits="45" branch="True" condition-coverage="83.33% (5/6)">
                  <conditions>
                    <condition number="1278" type="jump" coverage="100%" />
                    <condition number="1312" type="jump" coverage="50%" />
                    <condition number="1338" type="jump" coverage="100%" />
                  </conditions>
                </line>
                <line number="68" hits="3" branch="False" />
                <line number="70" hits="45" branch="True" condition-coverage="100% (2/2)">
                  <conditions>
                    <condition number="1529" type="jump" coverage="100%" />
                  </conditions>
                </line>
                <line number="71" hits="5" branch="False" />
                <line number="72" hits="45" branch="True" condition-coverage="100% (2/2)">
                  <conditions>
                    <condition number="1660" type="jump" coverage="100%" />
                  </conditions>
                </line>
                <line number="73" hits="3" branch="False" />
                <line number="76" hits="45" branch="False" />
                <line number="77" hits="45" branch="False" />
                <line number="78" hits="45" branch="False" />
                <line number="80" hits="45" branch="False" />
                <line number="81" hits="45" branch="False" />
              </lines>
            </method>
          </methods>
          <lines>
            <line number="47" hits="45" branch="False" />
            <line number="48" hits="45" branch="False" />
            <line number="52" hits="45" branch="True" condition-coverage="100% (2/2)">
              <conditions>
                <condition number="153" type="jump" coverage="100%" />
              </conditions>
            </line>
            <line number="53" hits="5" branch="False" />
            <line number="55" hits="45" branch="True" condition-coverage="100% (2/2)">
              <conditions>
                <condition number="321" type="jump" coverage="100%" />
              </conditions>
            </line>
            <line number="56" hits="6" branch="False" />
            <line number="58" hits="45" branch="True" condition-coverage="83.33% (5/6)">
              <conditions>
                <condition number="510" type="jump" coverage="100%" />
                <condition number="544" type="jump" coverage="50%" />
                <condition number="570" type="jump" coverage="100%" />
              </conditions>
            </line>
            <line number="59" hits="4" branch="False" />
            <line number="61" hits="45" branch="True" condition-coverage="83.33% (5/6)">
              <conditions>
                <condition number="766" type="jump" coverage="100%" />
                <condition number="800" type="jump" coverage="50%" />
                <condition number="826" type="jump" coverage="100%" />
              </conditions>
            </line>
            <line number="62" hits="4" branch="False" />
            <line number="64" hits="45" branch="True" condition-coverage="83.33% (5/6)">
              <conditions>
                <condition number="1022" type="jump" coverage="100%" />
                <condition number="1056" type="jump" coverage="50%" />
                <condition number="1082" type="jump" coverage="100%" />
              </conditions>
            </line>
            <line number="65" hits="3" branch="False" />
            <line number="67" hits="45" branch="True" condition-coverage="83.33% (5/6)">
              <conditions>
                <condition number="1278" type="jump" coverage="100%" />
                <condition number="1312" type="jump" coverage="50%" />
                <condition number="1338" type="jump" coverage="100%" />
              </conditions>
            </line>
            <line number="68" hits="3" branch="False" />
            <line number="70" hits="45" branch="True" condition-coverage="100% (2/2)">
              <conditions>
                <condition number="1529" type="jump" coverage="100%" />
              </conditions>
            </line>
            <line number="71" hits="5" branch="False" />
            <line number="72" hits="45" branch="True" condition-coverage="100% (2/2)">
              <conditions>
                <condition number="1660" type="jump" coverage="100%" />
              </conditions>
            </line>
            <line number="73" hits="3" branch="False" />
            <line number="76" hits="45" branch="False" />
            <line number="77" hits="45" branch="False" />
            <line number="78" hits="45" branch="False" />
            <line number="80" hits="45" branch="False" />
            <line number="81" hits="45" branch="False" />
          </lines>
        </class>
        <class name="PRODUCT.Repository.Repository/&lt;Update&gt;d__9" filename="Repository/Repository.cs" line-rate="1" branch-rate="1" complexity="1">
          <methods>
            <method name="MoveNext" signature="()" line-rate="1" branch-rate="1" complexity="1">
              <lines>
                <line number="41" hits="4" branch="False" />
                <line number="42" hits="4" branch="False" />
                <line number="43" hits="4" branch="False" />
                <line number="44" hits="4" branch="False" />
                <line number="45" hits="4" branch="False" />
              </lines>
            </method>
          </methods>
          <lines>
            <line number="41" hits="4" branch="False" />
            <line number="42" hits="4" branch="False" />
            <line number="43" hits="4" branch="False" />
            <line number="44" hits="4" branch="False" />
            <line number="45" hits="4" branch="False" />
          </lines>
        </class>
        <class name="PRODUCT.Repository.Repository/&lt;deleteProduct&gt;d__6" filename="Repository/Repository.cs" line-rate="1" branch-rate="1" complexity="1">
          <methods>
            <method name="MoveNext" signature="()" line-rate="1" branch-rate="1" complexity="1">
              <lines>
                <line number="23" hits="3" branch="False" />
                <line number="24" hits="3" branch="False" />
                <line number="25" hits="3" branch="False" />
                <line number="26" hits="3" branch="False" />
                <line number="27" hits="3" branch="False" />
              </lines>
            </method>
          </methods>
          <lines>
            <line number="23" hits="3" branch="False" />
            <line number="24" hits="3" branch="False" />
            <line number="25" hits="3" branch="False" />
            <line number="26" hits="3" branch="False" />
            <line number="27" hits="3" branch="False" />
          </lines>
        </class>
        <class name="PRODUCT.Repository.Repository/&lt;exist&gt;d__11" filename="Repository/Repository.cs" line-rate="1" branch-rate="1" complexity="2">
          <methods>
            <method name="MoveNext" signature="()" line-rate="1" branch-rate="1" complexity="2">
              <lines>
                <line number="85" hits="5" branch="False" />
                <line number="86" hits="5" branch="False" />
                <line number="87" hits="5" branch="True" condition-coverage="100% (2/2)">
                  <conditions>
                    <condition number="308" type="jump" coverage="100%" />
                  </conditions>
                </line>
                <line number="88" hits="2" branch="False" />
                <line number="89" hits="2" branch="False" />
                <line number="91" hits="3" branch="False" />
                <line number="92" hits="5" branch="False" />
              </lines>
            </method>
          </methods>
          <lines>
            <line number="85" hits="5" branch="False" />
            <line number="86" hits="5" branch="False" />
            <line number="87" hits="5" branch="True" condition-coverage="100% (2/2)">
              <conditions>
                <condition number="308" type="jump" coverage="100%" />
              </conditions>
            </line>
            <line number="88" hits="2" branch="False" />
            <line number="89" hits="2" branch="False" />
            <line number="91" hits="3" branch="False" />
            <line number="92" hits="5" branch="False" />
          </lines>
        </class>
        <class name="PRODUCT.Repository.Repository/&lt;getByIdProduct&gt;d__7" filename="Repository/Repository.cs" line-rate="1" branch-rate="1" complexity="1">
          <methods>
            <method name="MoveNext" signature="()" line-rate="1" branch-rate="1" complexity="1">
              <lines>
                <line number="30" hits="5" branch="False" />
                <line number="31" hits="5" branch="False" />
                <line number="32" hits="5" branch="False" />
                <line number="33" hits="5" branch="False" />
              </lines>
            </method>
          </methods>
          <lines>
            <line number="30" hits="5" branch="False" />
            <line number="31" hits="5" branch="False" />
            <line number="32" hits="5" branch="False" />
            <line number="33" hits="5" branch="False" />
          </lines>
        </class>
        <class name="PRODUCT.Messaging.Consumers.ProductAddAuctionConsumer" filename="Messaging/Consumers/ProductAddAuctionConsumer.cs" line-rate="1" branch-rate="1" complexity="1">
          <methods>
            <method name=".ctor" signature="(PRODUCT.Repository.Irepository,Microsoft.Extensions.Logging.ILogger`1&lt;PRODUCT.Messaging.Consumers.ProductAddAuctionConsumer&gt;)" line-rate="1" branch-rate="1" complexity="1">
              <lines>
                <line number="7" hits="2" branch="False" />
              </lines>
            </method>
          </methods>
          <lines>
            <line number="7" hits="2" branch="False" />
          </lines>
        </class>
        <class name="PRODUCT.Messaging.Consumers.ProductAddAuctionConsumer/&lt;Consume&gt;d__3" filename="Messaging/Consumers/ProductAddAuctionConsumer.cs" line-rate="1" branch-rate="1" complexity="2">
          <methods>
            <method name="MoveNext" signature="()" line-rate="1" branch-rate="1" complexity="2">
              <lines>
                <line number="10" hits="2" branch="False" />
                <line number="11" hits="2" branch="False" />
                <line number="12" hits="2" branch="True" condition-coverage="100% (2/2)">
                  <conditions>
                    <condition number="183" type="jump" coverage="100%" />
                  </conditions>
                </line>
                <line number="13" hits="1" branch="False" />
                <line number="14" hits="1" branch="False" />
                <line number="16" hits="1" branch="False" />
                <line number="17" hits="1" branch="False" />
                <line number="18" hits="1" branch="False" />
                <line number="19" hits="1" branch="False" />
                <line number="20" hits="2" branch="False" />
              </lines>
            </method>
          </methods>
          <lines>
            <line number="10" hits="2" branch="False" />
            <line number="11" hits="2" branch="False" />
            <line number="12" hits="2" branch="True" condition-coverage="100% (2/2)">
              <conditions>
                <condition number="183" type="jump" coverage="100%" />
              </conditions>
            </line>
            <line number="13" hits="1" branch="False" />
            <line number="14" hits="1" branch="False" />
            <line number="16" hits="1" branch="False" />
            <line number="17" hits="1" branch="False" />
            <line number="18" hits="1" branch="False" />
            <line number="19" hits="1" branch="False" />
            <line number="20" hits="2" branch="False" />
          </lines>
        </class>
        <class name="PRODUCT.Messaging.Consumers.ProductUnverifiedConsumer" filename="Messaging/Consumers/ProductUnverifiedConsumer.cs" line-rate="1" branch-rate="1" complexity="1">
          <methods>
            <method name=".ctor" signature="(Microsoft.Extensions.DependencyInjection.IServiceScopeFactory,Microsoft.Extensions.Logging.ILogger`1&lt;PRODUCT.Messaging.Consumers.ProductUnverifiedConsumer&gt;,MassTransit.IPublishEndpoint)" line-rate="1" branch-rate="1" complexity="1">
              <lines>
                <line number="8" hits="3" branch="False" />
                <line number="9" hits="3" branch="False" />
                <line number="10" hits="3" branch="False" />
              </lines>
            </method>
          </methods>
          <lines>
            <line number="8" hits="3" branch="False" />
            <line number="9" hits="3" branch="False" />
            <line number="10" hits="3" branch="False" />
          </lines>
        </class>
        <class name="PRODUCT.Messaging.Consumers.ProductUnverifiedConsumer/&lt;Consume&gt;d__4" filename="Messaging/Consumers/ProductUnverifiedConsumer.cs" line-rate="1" branch-rate="1" complexity="2">
          <methods>
            <method name="MoveNext" signature="()" line-rate="1" branch-rate="1" complexity="2">
              <lines>
                <line number="14" hits="3" branch="False" />
                <line number="15" hits="3" branch="True" condition-coverage="100% (2/2)">
                  <conditions>
                    <condition number="76" type="jump" coverage="100%" />
                  </conditions>
                </line>
                <line number="16" hits="1" branch="False" />
                <line number="17" hits="1" branch="False" />
                <line number="18" hits="1" branch="False" />
                <line number="21" hits="2" branch="False" />
                <line number="22" hits="2" branch="False" />
                <line number="24" hits="2" branch="False" />
                <line number="26" hits="2" branch="False" />
                <line number="27" hits="1" branch="False" />
                <line number="28" hits="1" branch="False" />
                <line number="30" hits="1" branch="False" />
                <line number="31" hits="1" branch="False" />
                <line number="32" hits="1" branch="False" />
                <line number="33" hits="2" branch="False" />
              </lines>
            </method>
          </methods>
          <lines>
            <line number="14" hits="3" branch="False" />
            <line number="15" hits="3" branch="True" condition-coverage="100% (2/2)">
              <conditions>
                <condition number="76" type="jump" coverage="100%" />
              </conditions>
            </line>
            <line number="16" hits="1" branch="False" />
            <line number="17" hits="1" branch="False" />
            <line number="18" hits="1" branch="False" />
            <line number="21" hits="2" branch="False" />
            <line number="22" hits="2" branch="False" />
            <line number="24" hits="2" branch="False" />
            <line number="26" hits="2" branch="False" />
            <line number="27" hits="1" branch="False" />
            <line number="28" hits="1" branch="False" />
            <line number="30" hits="1" branch="False" />
            <line number="31" hits="1" branch="False" />
            <line number="32" hits="1" branch="False" />
            <line number="33" hits="2" branch="False" />
          </lines>
        </class>
        <class name="PRODUCT.Messaging.Consumers.ProductVerifiedConsumer" filename="Messaging/Consumers/ProductVerifiedConsumer.cs" line-rate="1" branch-rate="1" complexity="1">
          <methods>
            <method name=".ctor" signature="(Microsoft.Extensions.DependencyInjection.IServiceScopeFactory,Microsoft.Extensions.Logging.ILogger`1&lt;PRODUCT.Messaging.Consumers.ProductVerifiedConsumer&gt;)" line-rate="1" branch-rate="1" complexity="1">
              <lines>
                <line number="8" hits="2" branch="False" />
                <line number="9" hits="2" branch="False" />
                <line number="10" hits="2" branch="False" />
              </lines>
            </method>
          </methods>
          <lines>
            <line number="8" hits="2" branch="False" />
            <line number="9" hits="2" branch="False" />
            <line number="10" hits="2" branch="False" />
          </lines>
        </class>
        <class name="PRODUCT.Messaging.Consumers.ProductVerifiedConsumer/&lt;Consume&gt;d__3" filename="Messaging/Consumers/ProductVerifiedConsumer.cs" line-rate="0.8125" branch-rate="0.75" complexity="4">
          <methods>
            <method name="MoveNext" signature="()" line-rate="0.8125" branch-rate="0.75" complexity="4">
              <lines>
                <line number="14" hits="2" branch="False" />
                <line number="15" hits="2" branch="True" condition-coverage="100% (2/2)">
                  <conditions>
                    <condition number="76" type="jump" coverage="100%" />
                  </conditions>
                </line>
                <line number="16" hits="1" branch="False" />
                <line number="17" hits="1" branch="False" />
                <line number="18" hits="1" branch="False" />
                <line number="21" hits="1" branch="False" />
                <line number="22" hits="1" branch="False" />
                <line number="24" hits="1" branch="False" />
                <line number="25" hits="1" branch="True" condition-coverage="50% (1/2)">
                  <conditions>
                    <condition number="504" type="jump" coverage="50%" />
                  </conditions>
                </line>
                <line number="26" hits="0" branch="False" />
                <line number="27" hits="0" branch="False" />
                <line number="28" hits="0" branch="False" />
                <line number="31" hits="1" branch="False" />
                <line number="32" hits="1" branch="False" />
                <line number="34" hits="1" branch="False" />
                <line number="35" hits="2" branch="False" />
              </lines>
            </method>
          </methods>
          <lines>
            <line number="14" hits="2" branch="False" />
            <line number="15" hits="2" branch="True" condition-coverage="100% (2/2)">
              <conditions>
                <condition number="76" type="jump" coverage="100%" />
              </conditions>
            </line>
            <line number="16" hits="1" branch="False" />
            <line number="17" hits="1" branch="False" />
            <line number="18" hits="1" branch="False" />
            <line number="21" hits="1" branch="False" />
            <line number="22" hits="1" branch="False" />
            <line number="24" hits="1" branch="False" />
            <line number="25" hits="1" branch="True" condition-coverage="50% (1/2)">
              <conditions>
                <condition number="504" type="jump" coverage="50%" />
              </conditions>
            </line>
            <line number="26" hits="0" branch="False" />
            <line number="27" hits="0" branch="False" />
            <line number="28" hits="0" branch="False" />
            <line number="31" hits="1" branch="False" />
            <line number="32" hits="1" branch="False" />
            <line number="34" hits="1" branch="False" />
            <line number="35" hits="2" branch="False" />
          </lines>
        </class>
        <class name="PRODUCT.Controllers.ProductController" filename="Controllers/ProductController.cs" line-rate="1" branch-rate="1" complexity="5">
          <methods>
            <method name="getId" signature="(Microsoft.AspNetCore.Http.HttpContext)" line-rate="1" branch-rate="1" complexity="4">
              <lines>
                <line number="24" hits="20" branch="False" />
                <line number="25" hits="20" branch="True" condition-coverage="100% (4/4)">
                  <conditions>
                    <condition number="23" type="jump" coverage="100%" />
                    <condition number="43" type="jump" coverage="100%" />
                  </conditions>
                </line>
                <line number="26" hits="14" branch="False" />
                <line number="27" hits="6" branch="False" />
                <line number="29" hits="20" branch="False" />
              </lines>
            </method>
            <method name=".ctor" signature="(PRODUCT.Services.IproductService,Microsoft.Extensions.Logging.ILogger`1&lt;PRODUCT.Controllers.ProductController&gt;)" line-rate="1" branch-rate="1" complexity="1">
              <lines>
                <line number="17" hits="20" branch="False" />
                <line number="18" hits="20" branch="False" />
                <line number="19" hits="20" branch="False" />
                <line number="20" hits="20" branch="False" />
                <line number="21" hits="20" branch="False" />
              </lines>
            </method>
          </methods>
          <lines>
            <line number="24" hits="20" branch="False" />
            <line number="25" hits="20" branch="True" condition-coverage="100% (4/4)">
              <conditions>
                <condition number="23" type="jump" coverage="100%" />
                <condition number="43" type="jump" coverage="100%" />
              </conditions>
            </line>
            <line number="26" hits="14" branch="False" />
            <line number="27" hits="6" branch="False" />
            <line number="29" hits="20" branch="False" />
            <line number="17" hits="20" branch="False" />
            <line number="18" hits="20" branch="False" />
            <line number="19" hits="20" branch="False" />
            <line number="20" hits="20" branch="False" />
            <line number="21" hits="20" branch="False" />
          </lines>
        </class>
        <class name="PRODUCT.Controllers.ProductController/&lt;addImages&gt;d__8" filename="Controllers/ProductController.cs" line-rate="0.8461" branch-rate="0.75" complexity="8">
          <methods>
            <method name="MoveNext" signature="()" line-rate="0.8461" branch-rate="0.75" complexity="8">
              <lines>
                <line number="124" hits="3" branch="False" />
                <line number="125" hits="3" branch="False" />
                <line number="126" hits="3" branch="True" condition-coverage="100% (2/2)">
                  <conditions>
                    <condition number="62" type="jump" coverage="100%" />
                  </conditions>
                </line>
                <line number="127" hits="1" branch="False" />
                <line number="129" hits="2" branch="False" />
                <line number="130" hits="2" branch="True" condition-coverage="100% (2/2)">
                  <conditions>
                    <condition number="263" type="jump" coverage="100%" />
                  </conditions>
                </line>
                <line number="131" hits="1" branch="False" />
                <line number="132" hits="1" branch="True" condition-coverage="50% (2/4)">
                  <conditions>
                    <condition number="305" type="jump" coverage="50%" />
                    <condition number="316" type="jump" coverage="50%" />
                  </conditions>
                </line>
                <line number="134" hits="1" branch="False" />
                <line number="135" hits="0" branch="False" />
                <line number="136" hits="0" branch="False" />
                <line number="140" hits="1" branch="False" />
                <line number="141" hits="3" branch="False" />
              </lines>
            </method>
          </methods>
          <lines>
            <line number="124" hits="3" branch="False" />
            <line number="125" hits="3" branch="False" />
            <line number="126" hits="3" branch="True" condition-coverage="100% (2/2)">
              <conditions>
                <condition number="62" type="jump" coverage="100%" />
              </conditions>
            </line>
            <line number="127" hits="1" branch="False" />
            <line number="129" hits="2" branch="False" />
            <line number="130" hits="2" branch="True" condition-coverage="100% (2/2)">
              <conditions>
                <condition number="263" type="jump" coverage="100%" />
              </conditions>
            </line>
            <line number="131" hits="1" branch="False" />
            <line number="132" hits="1" branch="True" condition-coverage="50% (2/4)">
              <conditions>
                <condition number="305" type="jump" coverage="50%" />
                <condition number="316" type="jump" coverage="50%" />
              </conditions>
            </line>
            <line number="134" hits="1" branch="False" />
            <line number="135" hits="0" branch="False" />
            <line number="136" hits="0" branch="False" />
            <line number="140" hits="1" branch="False" />
            <line number="141" hits="3" branch="False" />
          </lines>
        </class>
        <class name="PRODUCT.Controllers.ProductController/&lt;createProduct&gt;d__4" filename="Controllers/ProductController.cs" line-rate="0.9229999999999999" branch-rate="0.8332999999999999" complexity="6">
          <methods>
            <method name="MoveNext" signature="()" line-rate="0.9229999999999999" branch-rate="0.8332999999999999" complexity="6">
              <lines>
                <line number="33" hits="3" branch="False" />
                <line number="36" hits="3" branch="False" />
                <line number="37" hits="3" branch="True" condition-coverage="100% (2/2)">
                  <conditions>
                    <condition number="62" type="jump" coverage="100%" />
                  </conditions>
                </line>
                <line number="38" hits="1" branch="False" />
                <line number="39" hits="2" branch="False" />
                <line number="40" hits="2" branch="False" />
                <line number="42" hits="2" branch="True" condition-coverage="100% (2/2)">
                  <conditions>
                    <condition number="270" type="jump" coverage="100%" />
                  </conditions>
                </line>
                <line number="43" hits="1" branch="False" />
                <line number="44" hits="1" branch="True" condition-coverage="50% (1/2)">
                  <conditions>
                    <condition number="305" type="jump" coverage="50%" />
                  </conditions>
                </line>
                <line number="46" hits="1" branch="False" />
                <line number="49" hits="0" branch="False" />
                <line number="51" hits="1" branch="False" />
                <line number="52" hits="3" branch="False" />
              </lines>
            </method>
          </methods>
          <lines>
            <line number="33" hits="3" branch="False" />
            <line number="36" hits="3" branch="False" />
            <line number="37" hits="3" branch="True" condition-coverage="100% (2/2)">
              <conditions>
                <condition number="62" type="jump" coverage="100%" />
              </conditions>
            </line>
            <line number="38" hits="1" branch="False" />
            <line number="39" hits="2" branch="False" />
            <line number="40" hits="2" branch="False" />
            <line number="42" hits="2" branch="True" condition-coverage="100% (2/2)">
              <conditions>
                <condition number="270" type="jump" coverage="100%" />
              </conditions>
            </line>
            <line number="43" hits="1" branch="False" />
            <line number="44" hits="1" branch="True" condition-coverage="50% (1/2)">
              <conditions>
                <condition number="305" type="jump" coverage="50%" />
              </conditions>
            </line>
            <line number="46" hits="1" branch="False" />
            <line number="49" hits="0" branch="False" />
            <line number="51" hits="1" branch="False" />
            <line number="52" hits="3" branch="False" />
          </lines>
        </class>
        <class name="PRODUCT.Controllers.ProductController/&lt;deleteProductImage&gt;d__9" filename="Controllers/ProductController.cs" line-rate="0.8332999999999999" branch-rate="0.75" complexity="8">
          <methods>
            <method name="MoveNext" signature="()" line-rate="0.8332999999999999" branch-rate="0.75" complexity="8">
              <lines>
                <line number="145" hits="3" branch="False" />
                <line number="146" hits="3" branch="False" />
                <line number="147" hits="3" branch="True" condition-coverage="100% (2/2)">
                  <conditions>
                    <condition number="62" type="jump" coverage="100%" />
                  </conditions>
                </line>
                <line number="148" hits="1" branch="False" />
                <line number="149" hits="2" branch="False" />
                <line number="150" hits="3" branch="True" condition-coverage="100% (2/2)">
                  <conditions>
                    <condition number="269" type="jump" coverage="100%" />
                  </conditions>
                </line>
                <line number="151" hits="1" branch="True" condition-coverage="50% (2/4)">
                  <conditions>
                    <condition number="311" type="jump" coverage="50%" />
                    <condition number="322" type="jump" coverage="50%" />
                  </conditions>
                </line>
                <line number="153" hits="1" branch="False" />
                <line number="154" hits="0" branch="False" />
                <line number="155" hits="0" branch="False" />
                <line number="159" hits="1" branch="False" />
                <line number="160" hits="3" branch="False" />
              </lines>
            </method>
          </methods>
          <lines>
            <line number="145" hits="3" branch="False" />
            <line number="146" hits="3" branch="False" />
            <line number="147" hits="3" branch="True" condition-coverage="100% (2/2)">
              <conditions>
                <condition number="62" type="jump" coverage="100%" />
              </conditions>
            </line>
            <line number="148" hits="1" branch="False" />
            <line number="149" hits="2" branch="False" />
            <line number="150" hits="3" branch="True" condition-coverage="100% (2/2)">
              <conditions>
                <condition number="269" type="jump" coverage="100%" />
              </conditions>
            </line>
            <line number="151" hits="1" branch="True" condition-coverage="50% (2/4)">
              <conditions>
                <condition number="311" type="jump" coverage="50%" />
                <condition number="322" type="jump" coverage="50%" />
              </conditions>
            </line>
            <line number="153" hits="1" branch="False" />
            <line number="154" hits="0" branch="False" />
            <line number="155" hits="0" branch="False" />
            <line number="159" hits="1" branch="False" />
            <line number="160" hits="3" branch="False" />
          </lines>
        </class>
        <class name="PRODUCT.Controllers.ProductController/&lt;deleteproduct&gt;d__5" filename="Controllers/ProductController.cs" line-rate="0.9229999999999999" branch-rate="0.875" complexity="8">
          <methods>
            <method name="MoveNext" signature="()" line-rate="0.9229999999999999" branch-rate="0.875" complexity="8">
              <lines>
                <line number="58" hits="4" branch="False" />
                <line number="59" hits="4" branch="False" />
                <line number="60" hits="4" branch="True" condition-coverage="100% (2/2)">
                  <conditions>
                    <condition number="62" type="jump" coverage="100%" />
                  </conditions>
                </line>
                <line number="61" hits="1" branch="False" />
                <line number="64" hits="3" branch="False" />
                <line number="65" hits="3" branch="True" condition-coverage="100% (2/2)">
                  <conditions>
                    <condition number="263" type="jump" coverage="100%" />
                  </conditions>
                </line>
                <line number="66" hits="2" branch="False" />
                <line number="67" hits="2" branch="True" condition-coverage="75% (3/4)">
                  <conditions>
                    <condition number="305" type="jump" coverage="100%" />
                    <condition number="316" type="jump" coverage="50%" />
                  </conditions>
                </line>
                <line number="70" hits="1" branch="False" />
                <line number="71" hits="1" branch="False" />
                <line number="72" hits="0" branch="False" />
                <line number="76" hits="1" branch="False" />
                <line number="77" hits="4" branch="False" />
              </lines>
            </method>
          </methods>
          <lines>
            <line number="58" hits="4" branch="False" />
            <line number="59" hits="4" branch="False" />
            <line number="60" hits="4" branch="True" condition-coverage="100% (2/2)">
              <conditions>
                <condition number="62" type="jump" coverage="100%" />
              </conditions>
            </line>
            <line number="61" hits="1" branch="False" />
            <line number="64" hits="3" branch="False" />
            <line number="65" hits="3" branch="True" condition-coverage="100% (2/2)">
              <conditions>
                <condition number="263" type="jump" coverage="100%" />
              </conditions>
            </line>
            <line number="66" hits="2" branch="False" />
            <line number="67" hits="2" branch="True" condition-coverage="75% (3/4)">
              <conditions>
                <condition number="305" type="jump" coverage="100%" />
                <condition number="316" type="jump" coverage="50%" />
              </conditions>
            </line>
            <line number="70" hits="1" branch="False" />
            <line number="71" hits="1" branch="False" />
            <line number="72" hits="0" branch="False" />
            <line number="76" hits="1" branch="False" />
            <line number="77" hits="4" branch="False" />
          </lines>
        </class>
        <class name="PRODUCT.Controllers.ProductController/&lt;getallProducts&gt;d__7" filename="Controllers/ProductController.cs" line-rate="1" branch-rate="1" complexity="6">
          <methods>
            <method name="MoveNext" signature="()" line-rate="1" branch-rate="1" complexity="6">
              <lines>
                <line number="105" hits="4" branch="False" />
                <line number="106" hits="4" branch="False" />
                <line number="107" hits="4" branch="True" condition-coverage="100% (2/2)">
                  <conditions>
                    <condition number="62" type="jump" coverage="100%" />
                  </conditions>
                </line>
                <line number="108" hits="1" branch="False" />
                <line number="110" hits="3" branch="False" />
                <line number="111" hits="3" branch="False" />
                <line number="112" hits="3" branch="True" condition-coverage="100% (2/2)">
                  <conditions>
                    <condition number="270" type="jump" coverage="100%" />
                  </conditions>
                </line>
                <line number="113" hits="1" branch="False" />
                <line number="114" hits="2" branch="True" condition-coverage="100% (2/2)">
                  <conditions>
                    <condition number="340" type="jump" coverage="100%" />
                  </conditions>
                </line>
                <line number="115" hits="1" branch="False" />
                <line number="116" hits="1" branch="False" />
                <line number="118" hits="1" branch="False" />
                <line number="120" hits="4" branch="False" />
              </lines>
            </method>
          </methods>
          <lines>
            <line number="105" hits="4" branch="False" />
            <line number="106" hits="4" branch="False" />
            <line number="107" hits="4" branch="True" condition-coverage="100% (2/2)">
              <conditions>
                <condition number="62" type="jump" coverage="100%" />
              </conditions>
            </line>
            <line number="108" hits="1" branch="False" />
            <line number="110" hits="3" branch="False" />
            <line number="111" hits="3" branch="False" />
            <line number="112" hits="3" branch="True" condition-coverage="100% (2/2)">
              <conditions>
                <condition number="270" type="jump" coverage="100%" />
              </conditions>
            </line>
            <line number="113" hits="1" branch="False" />
            <line number="114" hits="2" branch="True" condition-coverage="100% (2/2)">
              <conditions>
                <condition number="340" type="jump" coverage="100%" />
              </conditions>
            </line>
            <line number="115" hits="1" branch="False" />
            <line number="116" hits="1" branch="False" />
            <line number="118" hits="1" branch="False" />
            <line number="120" hits="4" branch="False" />
          </lines>
        </class>
        <class name="PRODUCT.Controllers.ProductController/&lt;updateproduct&gt;d__6" filename="Controllers/ProductController.cs" line-rate="0.8571" branch-rate="0.75" complexity="8">
          <methods>
            <method name="MoveNext" signature="()" line-rate="0.8571" branch-rate="0.75" complexity="8">
              <lines>
                <line number="82" hits="3" branch="False" />
                <line number="84" hits="3" branch="False" />
                <line number="85" hits="3" branch="True" condition-coverage="100% (2/2)">
                  <conditions>
                    <condition number="62" type="jump" coverage="100%" />
                  </conditions>
                </line>
                <line number="86" hits="1" branch="False" />
                <line number="88" hits="2" branch="False" />
                <line number="89" hits="2" branch="False" />
                <line number="90" hits="2" branch="True" condition-coverage="100% (2/2)">
                  <conditions>
                    <condition number="281" type="jump" coverage="100%" />
                  </conditions>
                </line>
                <line number="91" hits="1" branch="False" />
                <line number="92" hits="1" branch="True" condition-coverage="50% (2/4)">
                  <conditions>
                    <condition number="323" type="jump" coverage="50%" />
                    <condition number="334" type="jump" coverage="50%" />
                  </conditions>
                </line>
                <line number="95" hits="1" branch="False" />
                <line number="96" hits="0" branch="False" />
                <line number="97" hits="0" branch="False" />
                <line number="100" hits="1" branch="False" />
                <line number="101" hits="3" branch="False" />
              </lines>
            </method>
          </methods>
          <lines>
            <line number="82" hits="3" branch="False" />
            <line number="84" hits="3" branch="False" />
            <line number="85" hits="3" branch="True" condition-coverage="100% (2/2)">
              <conditions>
                <condition number="62" type="jump" coverage="100%" />
              </conditions>
            </line>
            <line number="86" hits="1" branch="False" />
            <line number="88" hits="2" branch="False" />
            <line number="89" hits="2" branch="False" />
            <line number="90" hits="2" branch="True" condition-coverage="100% (2/2)">
              <conditions>
                <condition number="281" type="jump" coverage="100%" />
              </conditions>
            </line>
            <line number="91" hits="1" branch="False" />
            <line number="92" hits="1" branch="True" condition-coverage="50% (2/4)">
              <conditions>
                <condition number="323" type="jump" coverage="50%" />
                <condition number="334" type="jump" coverage="50%" />
              </conditions>
            </line>
            <line number="95" hits="1" branch="False" />
            <line number="96" hits="0" branch="False" />
            <line number="97" hits="0" branch="False" />
            <line number="100" hits="1" branch="False" />
            <line number="101" hits="3" branch="False" />
          </lines>
        </class>
      </classes>
    </package>
  </packages>
</coverage>